InstantSimulation [
 end=false, cut=false, sendable=true, vesselSameID=false, changeRoute=false, nextStepID=1, nextStepRadius=0.008333333333333333,
 staticData=StaticData [mmsi=222222222, name=nom, imo=0, callSign=@@@@@@@, aisVersion=0 - Conforme à la Recommandation UIT-R M.1371-1, shipType=Sailing cargo of Undefined, posRef=PositionReference [dimBow=10, dimStern=5, dimPort=2, dimStarboard=3], posType=1 - GPS, draught=200, dte=true, destination=brest],
 dynamicData=DynamicData [navStat=Undefined, rot=0, speed=60, posAcc=1, position=[48.378706666666666:-4.484595], cog=1800, trueHeading=180, specialManIndicator=1 - Non engagé dans une manoeuvre particulière, raim=0]
]
2764
Simulation [
DynamicData [navStat=Undefined, rot=0, speed=60, posAcc=1, position=[48.378706666666666:-4.484595], cog=1800, trueHeading=180, specialManIndicator=1 - Non engagé dans une manoeuvre particulière, raim=0],
	StaticData [mmsi=222222222, name=nom, imo=0, callSign=@@@@@@@, aisVersion=0 - Conforme à la Recommandation UIT-R M.1371-1, shipType=Sailing cargo of Undefined, posRef=PositionReference [dimBow=10, dimStern=5, dimPort=2, dimStarboard=3], posType=1 - GPS, draught=200, dte=true, destination=brest],
	Path [[48.378706666666666:-4.484595], [48.361830000000005:-4.48494], [48.32411666666667:-4.478141666666667], [48.30927666666666:-4.448615]],
	distance [4.771652192090044]
	ETA [0],
	startTime [null]
]
AisStream [
nbMessage=311
aisMessages=\c:1499758863573*6A\!AIVDM,2,1,0,B,53CsGSP000000000000ptn22222222222222220T1@5234000j0TQDm888888,0*5D
\c:1499758863573*6A\!AIVDM,2,2,0,B,8888888880,2*1F
\c:1499758863573*6A\!AIVDM,1,1,0,A,13CsGSg00twcN9nKccV725`6P000,0*35
\c:1499758873573*6B\!AIVDM,1,1,0,B,13CsGSg00twcN9nKcbsW25`JP000,0*0E
\c:1499758883573*64\!AIVDM,1,1,0,B,13CsGSg00twcN9nKcbA725`fP000,0*70
\c:1499758893573*65\!AIVDM,1,1,0,B,13CsGSg00twcN9nKcaVW25a2P000,0*51
\c:1499758903573*6D\!AIVDM,1,1,0,A,13CsGSg00twcN9nKc`t725aFP000,0*65
\c:1499758913573*6C\!AIVDM,1,1,0,A,13CsGSg00twcN9nKc`AW25abP000,0*14
\c:1499758923573*6F\!AIVDM,1,1,0,A,13CsGSg00twcN9nKcWW725`6P000,0*00
\c:1499758933573*6E\!AIVDM,1,1,0,B,13CsGSg00twcN9nKcVtW25`JP000,0*3D
\c:1499758943573*69\!AIVDM,1,1,0,B,13CsGSg00twcN9nKcVB725`fP000,0*47
\c:1499758953573*68\!AIVDM,1,1,0,A,13CsGSg00twcN9nKcUWW25a2P000,0*67
\c:1499758963573*6B\!AIVDM,1,1,0,A,13CsGSg00twcN9nKcTu725aFP000,0*50
\c:1499758973573*6A\!AIVDM,1,1,0,A,13CsGSg00twcN9nKcTBW25abP000,0*23
\c:1499758983573*65\!AIVDM,1,1,0,B,13CsGSg00twcN9nKcS`725`6P000,0*30
\c:1499758993573*64\!AIVDM,1,1,0,A,13CsGSg00twcN9nKcRuW25`JP000,0*3B
\c:1499759003573*65\!AIVDM,1,1,0,B,13CsGSg00twcN9nKcRC74UbfP000,0*26
\c:1499759013573*64\!AIVDM,1,1,0,B,13CsGSg00twcN9nKcQ`W4Uc2P000,0*33
\c:1499759023573*67\!AIVDM,1,1,0,A,13CsGSg00twcN9nKcPv74UcFP000,0*33
\c:1499759033573*66\!AIVDM,1,1,0,B,13CsGSg00twcN9nKcPCW4UcbP000,0*41
\c:1499759043573*61\!AIVDM,1,1,0,A,13CsGSg00twcN9nKcOa74Ub6P000,0*4A
\c:1499759053573*60\!AIVDM,1,1,0,B,13CsGSg00twcN9nKcNvW4UbJP000,0*43
\c:1499759063573*63\!AIVDM,1,1,0,B,13CsGSg00twcN9nKcND74UbfP000,0*3D
\c:1499759073573*62\!AIVDM,1,1,0,B,13CsGSg00twcN9nKcMaW4Uc2P000,0*2E
\c:1499759083573*6D\!AIVDM,1,1,0,A,13CsGSg00twcN9nKcLw74UcFP000,0*2E
\c:1499759093573*6C\!AIVDM,1,1,0,B,13CsGSg00twcN9nKcLDW4UcbP000,0*5A
\c:1499759103573*64\!AIVDM,1,1,0,A,13CsGSg00twcN9nKcKb74Ub6P000,0*4D
\c:1499759113573*65\!AIVDM,1,1,0,B,13CsGSg00twcN9nKcJwW4UbJP000,0*46
\c:1499759123573*66\!AIVDM,1,1,0,A,13CsGSg00twcN9nKcJE74UbfP000,0*3B
\c:1499759133573*67\!AIVDM,1,1,0,A,13CsGSg00twcN9nKcIbW4Uc2P000,0*2A
\c:1499759143573*60\!AIVDM,1,1,0,B,13CsGSg00twcN9nKcI074UcFP000,0*6F
\c:1499759153573*61\!AIVDM,1,1,0,B,13CsGSg00twcN9nKcHEW4UcbP000,0*5F
\c:1499759163573*62\!AIVDM,1,1,0,A,13CsGSg00twcN9nKcGc74Ub6P000,0*40
\c:1499759173573*63\!AIVDM,1,1,0,A,13CsGSg00twcN9nKcG0W4UbJP000,0*0F
\c:1499759183573*6C\!AIVDM,1,1,0,B,13CsGSg00twcN9nKcFF74UbfP000,0*37
\c:1499759193573*6D\!AIVDM,1,1,0,B,13CsGSg00twcN9nKcEcW4Uc2P000,0*24
\c:1499759203573*67\!AIVDM,1,1,0,A,13CsGSg00twcN9nKcE174UcFP000,0*61
\c:1499759213573*66\!AIVDM,1,1,0,B,13CsGSg00twcN9nKcDFW4UcbP000,0*50
\c:1499759223573*65\!AIVDM,2,1,0,B,53CsGSP000000000000ptn22222222222222220T1@5234000j0TQDm888888,0*5D
\c:1499759223573*65\!AIVDM,2,2,0,B,8888888880,2*1F
\c:1499759223573*65\!AIVDM,1,1,0,A,13CsGSg00twcN9nKcCd74Ub6P000,0*43
\c:1499759233573*64\!AIVDM,1,1,0,B,13CsGSg00twcN9nKcC1W75dJP000,0*6C
\c:1499759243573*63\!AIVDM,1,1,0,A,13CsGSg00twcN9nKcBG775dfP000,0*54
\c:1499759253573*62\!AIVDM,1,1,0,B,13CsGSg00twcN9nKcAdW75e2P000,0*42
\c:1499759263573*61\!AIVDM,1,1,0,B,13CsGSg00twcN9nKcA2775eFP000,0*00
\c:1499759273573*60\!AIVDM,1,1,0,A,13CsGSg00twcN9nKc@GW75ebP000,0*33
\c:1499759283573*6F\!AIVDM,1,1,0,B,13CsGSg00twcN9nKc?e775d6P000,0*58
\c:1499759293573*6E\!AIVDM,1,1,0,A,13CsGSg00twcN9nKc?2W75dJP000,0*10
\c:1499759303573*66\!AIVDM,1,1,0,B,13CsGSg00twcN9nKc>H775dfP000,0*24
\c:1499759313573*67\!AIVDM,1,1,0,A,13CsGSg00twcN9VKc=eW9Ug2P000,0*68
\c:1499759323573*64\!AIVDM,1,1,0,A,13CsGSg00twcN9BKc=379UgFP000,0*3E
\c:1499759333573*65\!AIVDM,1,1,0,B,13CsGSg00twcN8vKc<HW9UgbP000,0*36
\c:1499759343573*62\!AIVDM,1,1,0,A,13CsGSg00twcN8bKc;f79Uf6P000,0*3D
\c:1499759353573*63\!AIVDM,1,1,0,B,13CsGSg00twcN8FKc;3W9UfJP000,0*53
\c:1499759363573*60\!AIVDM,1,1,0,A,13CsGSg00twcN82Kc:I79UffP000,0*13
\c:1499759373573*61\!AIVDM,1,1,0,B,13CsGSg00twcN7fKc9fW9Ug2P000,0*52
\c:1499759383573*6E\!AIVDM,1,1,0,A,13CsGSg00twcN7JKc9479UgFP000,0*3B
\c:1499759393573*6F\!AIVDM,1,1,0,B,13CsGSg00twcN76Kc8IW<5ibP000,0*17
\c:1499759403573*61\!AIVDM,1,1,0,A,13CsGSg00twcN6jKc7g7<5h6P000,0*5D
\c:1499759413573*60\!AIVDM,1,1,0,B,13CsGSg00twcN6NKc74W<5hJP000,0*35
\c:1499759423573*63\!AIVDM,1,1,0,A,13CsGSg00twcN5tKc6J7>UjfP000,0*5C
\c:1499759433573*62\!AIVDM,1,1,0,B,13CsGSg00twcN5DKc5gW>Uk2P000,0*74
\c:1499759443573*65\!AIVDM,1,1,0,A,13CsGSg00twcN4dKc557>UkFP000,0*10
\c:1499759453573*64\!AIVDM,1,1,0,B,13CsGSg00twcN3vKc4JWCUobP000,0*45
\c:1499759454573*63\!AIVDM,1,1,0,A,13CsGSg20twcN3pKc4FFhUKdP000,0*56
\c:1499759457906*6E\!AIVDM,1,1,0,A,13CsGSgt0twcN4@Kc49VhUKjP000,0*46
\c:1499759461239*6C\!AIVDM,1,1,0,B,13CsGSgt0twcN4`Kc3tnhUJ0P000,0*4C
\c:1499759463573*67\!AIVDM,1,1,0,A,13CsGSgt0twcN58Kc3cnhUJ8P000,0*09
\c:1499759466906*6C\!AIVDM,1,1,0,B,13CsGSgt0twcN5PKc3O6hUJ>P000,0*10
\c:1499759470239*6C\!AIVDM,1,1,0,A,13CsGSgt0twcN5pKc3BFhUJDP000,0*34
\c:1499759472573*67\!AIVDM,1,1,0,B,13CsGSg00twcN6HKc31FhUJLP000,0*33
\c:1499759475906*6E\!AIVDM,1,1,0,A,13CsGSg00twcN6hKc2lVhUJRP000,0*42
\c:1499759479239*65\!AIVDM,1,1,0,B,13CsGSg00twcN78Kc2WnhUJ`P000,0*21
\c:1499759481573*6B\!AIVDM,1,1,0,A,13CsGSg00twcN7`Kc2FnhUJhP000,0*63
\c:1499759484906*60\!AIVDM,1,1,0,A,13CsGSg00twcN80Kc2:6hUJnP000,0*1E
\c:1499759488239*6B\!AIVDM,1,1,0,B,13CsGSg00twcN8HKc1uFhUJtP000,0*43
\c:1499759497573*6C\!AIVDM,1,1,0,A,13CsGSg00twcN9`Kc1BnhUK@P000,0*43
\c:1499759507573*64\!AIVDM,1,1,0,B,13CsGSg00twcN:pKc0`FhUKTP000,0*4C
\c:1499759517573*65\!AIVDM,1,1,0,A,13CsGSg00twcN<8KbwunhUJ0P000,0*1F
\c:1499759527573*66\!AIVDM,1,1,0,B,13CsGSg00twcN=HKbwCFhUJDP000,0*07
\c:1499759537573*67\!AIVDM,1,1,0,A,13CsGSg00twcN>`Kbv`nhUJ`P000,0*01
\c:1499759547573*60\!AIVDM,1,1,0,B,13CsGSg00twcN?pKbuvFhUJtP000,0*3A
\c:1499759557573*61\!AIVDM,1,1,0,A,13CsGSg00twcNA8KbuCnhUK@P000,0*27
\c:1499759567573*62\!AIVDM,1,1,0,B,13CsGSg00twcNBHKbtaFhUKTP000,0*48
\c:1499759577573*63\!AIVDM,1,1,0,A,13CsGSg00twcNC`KbsvnhUJ0P000,0*3F
\c:1499759580573*6B\!AIVDM,2,1,0,B,53CsGSP000000000000ptn22222222222222220T1@5234000j0TQDm888888,0*5D
\c:1499759580573*6B\!AIVDM,2,2,0,B,8888888880,2*1F
\c:1499759587573*6C\!AIVDM,1,1,0,A,13CsGSg00twcNDpKbsDFhUJDP000,0*46
\c:1499759597573*6D\!AIVDM,1,1,0,B,13CsGSg00twcNF8KbranhUJ`P000,0*27
\c:1499759607573*67\!AIVDM,1,1,0,A,13CsGSg00twcNGHKbqwFhUJtP000,0*7C
\c:1499759617573*66\!AIVDM,1,1,0,B,13CsGSg00twcNH`KbqDnhUK@P000,0*76
\c:1499759627573*65\!AIVDM,1,1,0,A,13CsGSg00twcNIpKbpbFhUKTP000,0*7F
\c:1499759637573*64\!AIVDM,1,1,0,B,13CsGSg00twcNK8KbownhUJ0P000,0*71
\c:1499759647573*63\!AIVDM,1,1,0,B,13CsGSg00twcNLHKboEFhUJDP000,0*68
\c:1499759657573*62\!AIVDM,1,1,0,A,13CsGSg00twcNM`KbnbnhUJ`P000,0*68
\c:1499759667573*61\!AIVDM,1,1,0,B,13CsGSg00twcNNpKbn0FhUJtP000,0*16
\c:1499759677573*60\!AIVDM,1,1,0,A,13CsGSg00twcNP8KbmEnhUK@P000,0*28
\c:1499759687573*6F\!AIVDM,1,1,0,B,13CsGSg00twcNQHKblcFhUKTP000,0*41
\c:1499759697573*6E\!AIVDM,1,1,0,A,13CsGSg00twcNR`Kbl0nhUJ0P000,0*77
\c:1499759707573*66\!AIVDM,1,1,0,A,13CsGSg00twcNSpKbkFFhUJDP000,0*4B
\c:1499759717573*67\!AIVDM,1,1,0,B,13CsGSg00twcNU8KbjcnhUJ`P000,0*2E
\c:1499759727573*64\!AIVDM,1,1,0,A,13CsGSg00twcNVHKbj1FhUJtP000,0*30
\c:1499759737573*65\!AIVDM,1,1,0,B,13CsGSg00twcNW`KbiFnhUK@P000,0*73
\c:1499759747573*62\!AIVDM,1,1,0,B,13CsGSg00twcN`pKbhdFhUKTP000,0*4B
\c:1499759757573*63\!AIVDM,1,1,0,A,13CsGSg00twcNb8Kbh1nhUJ0P000,0*1A
\c:1499759767573*60\!AIVDM,1,1,0,B,13CsGSg00twcNcHKbgGFhUJDP000,0*4D
\c:1499759777573*61\!AIVDM,1,1,0,A,13CsGSg00twcNd`KbfdnhUJ`P000,0*4F
\c:1499759787573*6E\!AIVDM,1,1,0,B,13CsGSg00twcNepKbf2FhUJtP000,0*37
\c:1499759797573*6F\!AIVDM,1,1,0,A,13CsGSg00twcNg8KbeGnhUK@P000,0*15
\c:1499759807573*69\!AIVDM,1,1,0,B,13CsGSg00twcNhHKbdeFhUKTP000,0*76
\c:1499759817573*68\!AIVDM,1,1,0,B,13CsGSg00twcNiNKbd2nk5L0P000,0*0E
\c:1499759827573*6B\!AIVDM,1,1,0,A,13CsGSg00twcNjJKbcHFk5LDP000,0*2B
\c:1499759837573*6A\!AIVDM,1,1,0,B,13CsGSg00twcNkFKbbenk5L`P000,0*05
\c:1499759847573*6D\!AIVDM,1,1,0,A,13CsGSg00twcNlBKbb3Fk5LtP000,0*6F
\c:1499759857573*6C\!AIVDM,1,1,0,A,13CsGSg00twcNm>KbaHnk5M@P000,0*77
\c:1499759867573*6F\!AIVDM,1,1,0,B,13CsGSg00twcNn:Kb`fFk5MTP000,0*60
\c:1499759877573*6E\!AIVDM,1,1,0,A,13CsGSg00twcNo6Kb`3nk5L0P000,0*76
\c:1499759887573*61\!AIVDM,1,1,0,B,13CsGSg00twcNp2KbWIFk5LDP000,0*7F
\c:1499759897573*60\!AIVDM,1,1,0,A,13CsGSg00twcNpvKbVfnk5L`P000,0*1A
\c:1499759907573*68\!AIVDM,1,1,0,B,13CsGSg00twcNqrKbV4Fk5LtP000,0*72
\c:1499759917573*69\!AIVDM,1,1,0,A,13CsGSg00twcNrnKbUInk5M@P000,0*0D
\c:1499759927573*6A\!AIVDM,1,1,0,B,13CsGSg00twcNsjKbTgFk5MTP000,0*18
\c:1499759937573*6B\!AIVDM,1,1,0,A,13CsGSg00twcNtfKbT4nk5L0P000,0*0E
\c:1499759940573*6B\!AIVDM,2,1,0,B,53CsGSP000000000000ptn22222222222222220T1@5234000j0TQDm888888,0*5D
\c:1499759940573*6B\!AIVDM,2,2,0,B,8888888880,2*1F
\c:1499759947573*6C\!AIVDM,1,1,0,A,13CsGSg00twcNubKbSJFk5LDP000,0*2E
\c:1499759957573*6D\!AIVDM,1,1,0,B,13CsGSg00twcNvVKbRgnk5L`P000,0*3A
\c:1499759967573*6E\!AIVDM,1,1,0,A,13CsGSg00twcNwRKbR5Fk5LtP000,0*52
\c:1499759977573*6F\!AIVDM,1,1,0,B,13CsGSg00twcO0NKbQJnk5M@P000,0*6A
\c:1499759987573*60\!AIVDM,1,1,0,A,13CsGSg00twcO1JKbPhFk5MTP000,0*73
\c:1499759997573*61\!AIVDM,1,1,0,B,13CsGSg00twcO2FKbP5nk5L0P000,0*6F
\c:1499760007573*6B\!AIVDM,1,1,0,A,13CsGSg00twcO3BKbOKFk5LDP000,0*54
\c:1499760017573*6A\!AIVDM,1,1,0,B,13CsGSg00twcO4>KbNhnk5L`P000,0*02
\c:1499760027573*69\!AIVDM,1,1,0,A,13CsGSg00twcO5:KbN6Fk5LtP000,0*66
\c:1499760037573*68\!AIVDM,1,1,0,A,13CsGSg00twcO66KbMKnk5M@P000,0*0A
\c:1499760047573*6F\!AIVDM,1,1,0,B,13CsGSg00twcO72KbLiFk5MTP000,0*13
\c:1499760057573*6E\!AIVDM,1,1,0,A,13CsGSg00twcO7vKbL6nk5L0P000,0*46
\c:1499760067573*6D\!AIVDM,1,1,0,B,13CsGSg00twcO8rKbKLFk5LDP000,0*6F
\c:1499760077573*6C\!AIVDM,1,1,0,A,13CsGSg00twcO9nKbJink5L`P000,0*59
\c:1499760087573*63\!AIVDM,1,1,0,B,13CsGSg00twcO:jKbJ7Fk5LtP000,0*3F
\c:1499760097573*62\!AIVDM,1,1,0,A,13CsGSg00twcO;fKbILnk5M@P000,0*54
\c:1499760107573*6A\!AIVDM,1,1,0,B,13CsGSg00twcO<bKbHjFk5MTP000,0*4F
\c:1499760117573*6B\!AIVDM,1,1,0,A,13CsGSg00twcO=VKbH7nk5L0P000,0*69
\c:1499760127573*68\!AIVDM,1,1,0,B,13CsGSg00twcO>RKbGMFk5LDP000,0*44
\c:1499760137573*69\!AIVDM,1,1,0,A,13CsGSg00twcO?NKbFjnk5L`P000,0*70
\c:1499760147573*6E\!AIVDM,1,1,0,B,13CsGSg00twcO@JKbF8Fk5LtP000,0*66
\c:1499760157573*6F\!AIVDM,1,1,0,A,13CsGSg00twcOAFKbEMnk5M@P000,0*03
\c:1499760167573*6C\!AIVDM,1,1,0,B,13CsGSg00twcOBBKbDkFk5MTP000,0*1C
\c:1499760177573*6D\!AIVDM,1,1,0,A,13CsGSg00twcOC>KbD8nk5L0P000,0*7C
\c:1499760187573*62\!AIVDM,1,1,0,A,13CsGSg00twcOD:KbCNFk5LDP000,0*52
\c:1499760197573*63\!AIVDM,1,1,0,B,13CsGSg00twcOE6KbBknk5L`P000,0*74
\c:1499760207573*69\!AIVDM,1,1,0,A,13CsGSg00twcOF2KbB9Fk5LtP000,0*1E
\c:1499760217573*68\!AIVDM,1,1,0,B,13CsGSg00twcOFvKbANnk5M@P000,0*30
\c:1499760227573*6B\!AIVDM,1,1,0,A,13CsGSg00twcOGrKb@lFk5MTP000,0*29
\c:1499760237573*6A\!AIVDM,1,1,0,B,13CsGSg00twcOHnKb@9nk5L0P000,0*21
\c:1499760247573*6D\!AIVDM,1,1,0,A,13CsGSg00twcOIjKb?OFk5LDP000,0*72
\c:1499760257573*6C\!AIVDM,1,1,0,B,13CsGSg00twcOJfKb>lnk5L`P000,0*50
\c:1499760267573*6F\!AIVDM,1,1,0,A,13CsGSg00twcOKbKb>:Fk5LtP000,0*3C
\c:1499760277573*6E\!AIVDM,1,1,0,B,13CsGSg00twcOLVKb=Onk5M@P000,0*67
\c:1499760287573*61\!AIVDM,1,1,0,A,13CsGSg00twcOMRKb<mFk5MTP000,0*7E
\c:1499760297573*60\!AIVDM,1,1,0,B,13CsGSg00twcONNKb<:nk5L0P000,0*78
\c:1499760300573*6F\!AIVDM,2,1,0,A,53CsGSP000000000000ptn22222222222222220T1@5234000j0TQDm888888,0*5E
\c:1499760300573*6F\!AIVDM,2,2,0,A,8888888880,2*1C
\c:1499760307573*68\!AIVDM,1,1,0,B,13CsGSg00twcOOJKb;PFk5LDP000,0*4C
\c:1499760317573*69\!AIVDM,1,1,0,A,13CsGSg00twcOPFKb:mnk5L`P000,0*6C
\c:1499760327573*6A\!AIVDM,1,1,0,B,13CsGSg00twcOQBKb:;Fk5LtP000,0*00
\c:1499760337573*6B\!AIVDM,1,1,0,B,13CsGSg00twcOR>Kb9Pnk5M@P000,0*0A
\c:1499760347573*6C\!AIVDM,1,1,0,A,13CsGSg00twcOS:Kb8nFk5MTP000,0*0F
\c:1499760357573*6D\!AIVDM,1,1,0,B,13CsGSg00twcOT6Kb8;nk5L0P000,0*1F
\c:1499760367573*6E\!AIVDM,1,1,0,A,13CsGSg00twcOU2Kb7QFk5LDP000,0*20
\c:1499760377573*6F\!AIVDM,1,1,0,B,13CsGSg00twcOUvKb6nnk5L`P000,0*55
\c:1499760387573*60\!AIVDM,1,1,0,A,13CsGSg00twcOVrKb6<FmUNtP000,0*5B
\c:1499760397573*61\!AIVDM,1,1,0,A,13CsGSg00twcOWnKb5QnmUO@P000,0*35
\c:1499760407573*6F\!AIVDM,1,1,0,B,13CsGSg00twcO`jKb4oFmUOTP000,0*06
\c:1499760417573*6E\!AIVDM,1,1,0,A,13CsGSg00twcOafKb4<nmUN0P000,0*16
\c:1499760427573*6D\!AIVDM,1,1,0,B,13CsGSg00twcObbKb3RFmUNDP000,0*27
\c:1499760437573*6C\!AIVDM,1,1,0,A,13CsGSg00twcOcVKb2onmUN`P000,0*21
\c:1499760447573*6B\!AIVDM,1,1,0,B,13CsGSg00twcOdRKb2=FmUNtP000,0*4F
\c:1499760457573*6A\!AIVDM,1,1,0,B,13CsGSg00twcOeNKb1RnmUO@P000,0*23
\c:1499760467573*69\!AIVDM,1,1,0,A,13CsGSg00twcOfJKb0pFmUOTP000,0*38
\c:1499760477573*68\!AIVDM,1,1,0,B,13CsGSg00twcOgFKb0=nmUN0P000,0*36
\c:1499760487573*67\!AIVDM,1,1,0,A,13CsGSg00twcOhBKawSFmUNDP000,0*48
\c:1499760497573*66\!AIVDM,1,1,0,B,13CsGSg00twcOi>KavpnmUN`P000,0*18
\c:1499760507573*6E\!AIVDM,1,1,0,A,13CsGSg00twcOj:Kav>FmUNtP000,0*6E
\c:1499760517573*6F\!AIVDM,1,1,0,B,13CsGSg00twcOk6KauSnmUO@P000,0*13
\c:1499760527573*6C\!AIVDM,1,1,0,A,13CsGSg00twcOl2KatqFmUOTP000,0*0C
\c:1499760537573*6D\!AIVDM,1,1,0,B,13CsGSg00twcOlrKat>np5P0P000,0*2E
\c:1499760547573*6A\!AIVDM,1,1,0,A,13CsGSg00twcOmRKasTFp5PDP000,0*3D
\c:1499760557573*6B\!AIVDM,1,1,0,B,13CsGSg00twcOn:Karqnp5P`P000,0*7D
\c:1499760567573*68\!AIVDM,1,1,0,A,13CsGSg00twcOnjKar?Fp5PtP000,0*5C
\c:1499760577573*69\!AIVDM,1,1,0,B,13CsGSg00twcOoJKaqTnp5Q@P000,0*0B
\c:1499760587573*66\!AIVDM,1,1,0,A,13CsGSg00twcOp2KaprFp5QTP000,0*74
\c:1499760597573*67\!AIVDM,1,1,0,B,13CsGSg00twcOpbKap?np5P0P000,0*27
\c:1499760607573*6D\!AIVDM,1,1,0,B,13CsGSg00twcOqBKaoUFp5PDP000,0*2F
\c:1499760617573*6C\!AIVDM,1,1,0,A,13CsGSg00twcOqrKanrnp5P`P000,0*36
\c:1499760627573*6F\!AIVDM,1,1,0,A,13CsGSg00twcOrRKan@Fp5PtP000,0*1B
\c:1499760637573*6E\!AIVDM,1,1,0,B,13CsGSg00twcOs:KamUnp5Q@P000,0*7A
\c:1499760647573*69\!AIVDM,1,1,0,B,13CsGSg00twcOsjKalsFp5QTP000,0*31
\c:1499760657573*68\!AIVDM,1,1,0,A,13CsGSg00twcOtJKal@np5P0P000,0*6B
\c:1499760660573*6C\!AIVDM,2,1,0,B,53CsGSP000000000000ptn22222222222222220T1@5234000j0TQDm888888,0*5D
\c:1499760660573*6C\!AIVDM,2,2,0,B,8888888880,2*1F
\c:1499760667573*6B\!AIVDM,1,1,0,A,13CsGSg00twcOu2KakVFp5PDP000,0*5F
\c:1499760677573*6A\!AIVDM,1,1,0,B,13CsGSg00twcOubKajsnp5P`P000,0*24
\c:1499760687573*65\!AIVDM,1,1,0,A,13CsGSg00twcOvBKajAFp5PtP000,0*0A
\c:1499760697573*64\!AIVDM,1,1,0,B,13CsGSg00twcOvrKaiVnp5Q@P000,0*30
\c:1499760707573*6C\!AIVDM,1,1,0,A,13CsGSg00twcOwRKahtFrUSTP000,0*6D
\c:1499760717573*6D\!AIVDM,1,1,0,A,13CsGSg00twcP0:KahAnrUR0P000,0*25
\c:1499760727573*6E\!AIVDM,1,1,0,B,13CsGSg00twcP0jKagWFrURDP000,0*33
\c:1499760737573*6F\!AIVDM,1,1,0,A,13CsGSg00twcP1JKaftnrUR`P000,0*3F
\c:1499760747573*68\!AIVDM,1,1,0,B,13CsGSg00twcP1jKafBFu5TtP000,0*77
\c:1499760757573*69\!AIVDM,1,1,0,A,13CsGSg00twcP26KaeWnu5U@P000,0*20
\c:1499760767573*6A\!AIVDM,1,1,0,B,13CsGSg00twcP2JKaduFu5UTP000,0*40
\c:1499760777573*6B\!AIVDM,1,1,0,A,13CsGSg00twcP2fKadBnwUV0P000,0*75
\c:1499760782573*61\!AIVDM,1,1,0,B,13CsGSg20twcP2nKacuTuSv:P000,0*58
\c:1499760785573*66\!AIVDM,1,1,0,A,13CsGSgohtwcP5NKacjTuSvBP000,0*1E
\c:1499760788906*65\!AIVDM,1,1,0,B,13CsGSgohtwcP7LKacbDuSvHP000,0*0F
\c:1499760792239*69\!AIVDM,1,1,0,A,13CsGSgohtwcP9JKacR4uSvNP000,0*42
\c:1499760794573*66\!AIVDM,1,1,0,B,13CsGSgohtwcP<2KacG4uSvVP000,0*31
\c:1499760797906*6B\!AIVDM,1,1,0,B,13CsGSgohtwcP>0Kac>luSvdP000,0*22
\c:1499760801239*6C\!AIVDM,1,1,0,B,13CsGSgoPtwcP?vKac6TuSvjP000,0*63
\c:1499760803573*67\!AIVDM,1,1,0,A,13CsGSgoPtwcPBVKabsTuSvrP000,0*61
\c:1499760806906*6C\!AIVDM,1,1,0,A,13CsGSg00twcPDTKabkDuSw0P000,0*11
\c:1499760810239*6C\!AIVDM,1,1,0,A,13CsGSg00twcPFRKabc4uSw6P000,0*6B
\c:1499760812573*67\!AIVDM,1,1,0,B,13CsGSg00twcPI:KabP4uSw>P000,0*34
\c:1499760815906*6E\!AIVDM,1,1,0,B,13CsGSg00twcPK8KabGluSwDP000,0*01
\c:1499760819239*65\!AIVDM,1,1,0,B,13CsGSg00twcPM6Kab?TuSwJP000,0*47
\c:1499760821573*67\!AIVDM,1,1,0,A,13CsGSg00twcPOfKab4TuSwRP000,0*05
\c:1499760823573*65\!AIVDM,1,1,0,B,13CsGSg00twcPQ2Kaaw4uSwVP000,0*68
\c:1499760833573*64\!AIVDM,1,1,0,A,13CsGSg00twcPWVKaaSTuSv2P000,0*28
\c:1499760843573*63\!AIVDM,1,1,0,B,13CsGSg00twcPf:Kaa84uSvFP000,0*09
\c:1499760853573*62\!AIVDM,1,1,0,A,13CsGSg00twcPlfKa`dTuSvbP000,0*45
\c:1499760863573*61\!AIVDM,1,1,0,B,13CsGSg00twcPsBKa`A4uSvvP000,0*2C
\c:1499760873573*60\!AIVDM,1,1,0,A,13CsGSg00twcQ1nKaWmTuSwBP000,0*0E
\c:1499760883573*6F\!AIVDM,1,1,0,B,13CsGSg00twcQ8JKaWJ4uSwVP000,0*73
\c:1499760893573*6E\!AIVDM,1,1,0,B,13CsGSg00twcQ>vKaVvTuSv2P000,0*71
\c:1499760903573*66\!AIVDM,1,1,0,A,13CsGSg00twcQERKaVS4uSvFP000,0*1C
\c:1499760913573*67\!AIVDM,1,1,0,B,13CsGSg00twcQL6KaV7TuSvbP000,0*52
\c:1499760923573*64\!AIVDM,1,1,0,A,13CsGSg00twcQRbKaUd4uSvvP000,0*3F
\c:1499760933573*65\!AIVDM,1,1,0,B,13CsGSg00twcQa>KaU@TuSwBP000,0*22
\c:1499760943573*62\!AIVDM,1,1,0,A,13CsGSg00twcQgjKaTm4uSwVP000,0*2B
\c:1499760953573*63\!AIVDM,1,1,0,A,13CsGSg00twcQnFKaTITuSv2P000,0*2F
\c:1499760963573*60\!AIVDM,1,1,0,B,13CsGSg00twcQtrKaSv4uSvFP000,0*2E
\c:1499760973573*61\!AIVDM,1,1,0,A,13CsGSg00twcR3NKaSRTuSvbP000,0*35
\c:1499760983573*6E\!AIVDM,1,1,0,B,13CsGSg00twcR:2KaS74uSvvP000,0*52
\c:1499760993573*6F\!AIVDM,1,1,0,A,13CsGSg00twcR@VKaRcTuSwBP000,0*4F
\c:1499761003573*6E\!AIVDM,1,1,0,B,13CsGSg00twcRG:KaR@TuSwVP000,0*10
\c:1499761013573*6F\!AIVDM,1,1,0,B,13CsGSg00twcRMfKaQnDuSv2P000,0*1E
\c:1499761015573*69\!AIVDM,2,1,0,A,53CsGSP000000000000ptn22222222222222220T1@5234000j0TQDm888888,0*5E
\c:1499761015573*69\!AIVDM,2,2,0,A,8888888880,2*1C
\c:1499761023573*6C\!AIVDM,1,1,0,B,13CsGSg00twcRTBKaQKls3tFP000,0*3E
\c:1499761033573*6D\!AIVDM,1,1,0,A,13CsGSg00twcRbnKaQ1Ts3tbP000,0*41
\c:1499761043573*6A\!AIVDM,1,1,0,B,13CsGSg00twcRiJKaPWDuSvvP000,0*6A
\c:1499761053573*6B\!AIVDM,1,1,0,B,13CsGSg00twcRovKaP=4uSwBP000,0*7F
\c:1499761063573*68\!AIVDM,1,1,0,A,13CsGSg00twcRvRKaOjTs3uVP000,0*19
\c:1499761073573*69\!AIVDM,1,1,0,B,13CsGSg00twcS56KaOHDs3t2P000,0*6B
\c:1499761083573*66\!AIVDM,1,1,0,A,13CsGSg00twcS;bKaNv4uSvFP000,0*6D
\c:1499761093573*67\!AIVDM,1,1,0,B,13CsGSg00twcSB>KaNSluSvbP000,0*12
\c:1499761103573*6F\!AIVDM,1,1,0,A,13CsGSg00twcSHjKaN9TuSvvP000,0*09
\c:1499761113573*6E\!AIVDM,1,1,0,B,13CsGSg00twcSOFKaMg4s3uBP000,0*4D
\c:1499761123573*6D\!AIVDM,1,1,0,A,13CsGSg00twcSUrKaMDls3uVP000,0*0F
\c:1499761133573*6C\!AIVDM,1,1,0,B,13CsGSg00twcSdNKaLrTuSv2P000,0*0F
\c:1499761143573*6B\!AIVDM,1,1,0,A,13CsGSg00twcSk2KaLPDuSvFP000,0*39
\c:1499761153573*6A\!AIVDM,1,1,0,B,13CsGSg00twcSqVKaL5ls3tbP000,0*49
\c:1499761163573*69\!AIVDM,1,1,0,A,13CsGSg00twcT0:KaKcTs3tvP000,0*1D
\c:1499761173573*68\!AIVDM,1,1,0,A,13CsGSg00twcT6fKaKADuSwBP000,0*24
\c:1499761183573*67\!AIVDM,1,1,0,B,13CsGSg00twcT=BKaJo4uSwVP000,0*43
\c:1499761193573*66\!AIVDM,1,1,0,A,13CsGSg00twcTCnKaJLTs3t2P000,0*50
\c:1499761203573*6C\!AIVDM,1,1,0,A,13CsGSg00twcTJJKaJ2Ds3tFP000,0*67
\c:1499761213573*6D\!AIVDM,1,1,0,B,13CsGSg00twcTPvKaI`4uSvbP000,0*23
\c:1499761223573*6E\!AIVDM,1,1,0,A,13CsGSg00twcTWRKaI=luSvvP000,0*12
\c:1499761233573*6F\!AIVDM,1,1,0,B,13CsGSg00twcTf6KaHkDs3uBP000,0*6A
\c:1499761243573*68\!AIVDM,1,1,0,A,13CsGSg00twcTlbKaHI4s3uVP000,0*71
\c:1499761253573*69\!AIVDM,1,1,0,B,13CsGSg00twcTs>KaGvluSv2P000,0*58
\c:1499761263573*6A\!AIVDM,1,1,0,B,13CsGSg00twcU1jKaGTTuSvFP000,0*21
\c:1499761273573*6B\!AIVDM,1,1,0,A,13CsGSg00twcU8FKaG:DuSvbP000,0*5D
\c:1499761283573*64\!AIVDM,1,1,0,B,13CsGSg00twcU>rKaFgls3tvP000,0*68
\c:1499761293573*65\!AIVDM,1,1,0,A,13CsGSg00twcUENKaFETs3uBP000,0*03
\c:1499761303573*6D\!AIVDM,1,1,0,B,13CsGSg00twcUL2KaEsDuSwVP000,0*20
\c:1499761313573*6C\!AIVDM,1,1,0,B,13CsGSg00twcURVKaEQ4uSv2P000,0*6D
\c:1499761323573*6F\!AIVDM,1,1,0,A,13CsGSg00twcUa:KaE6Ts3tFP000,0*26
\c:1499761333573*6E\!AIVDM,1,1,0,B,13CsGSg00twcUgfKaDdDs3tbP000,0*18
\c:1499761343573*69\!AIVDM,1,1,0,A,13CsGSg00twcUnBKaDB4uSvvP000,0*10
\c:1499761353573*68\!AIVDM,1,1,0,B,13CsGSg00twcUtnKaColuSwBP000,0*62
\c:1499761363573*6B\!AIVDM,1,1,0,B,13CsGSg00twcV3JKaCMDs3uVP000,0*78
\c:1499761373573*6A\!AIVDM,1,1,0,A,13CsGSg00twcV9vKaC34s3t2P000,0*26
\c:1499761375573*6C\!AIVDM,2,1,0,B,53CsGSP000000000000ptn22222222222222220T1@5234000j0TQDm888888,0*5D
\c:1499761375573*6C\!AIVDM,2,2,0,B,8888888880,2*1F
\c:1499761383573*65\!AIVDM,1,1,0,A,13CsGSg00twcV@RKaB`luSvFP000,0*61
\c:1499761393573*64\!AIVDM,1,1,0,B,13CsGSg00twcVG6KaB>TuSvbP000,0*43
\c:1499761403573*6A\!AIVDM,1,1,0,A,13CsGSg00twcVMbKaAl4s3tvP000,0*5F
\c:1499761413573*6B\!AIVDM,1,1,0,B,13CsGSg00twcVT>KaAIls3uBP000,0*51
\c:1499761423573*68\!AIVDM,1,1,0,A,13CsGSg00twcVbjKa@wTuSwVP000,0*47
\c:1499761433573*69\!AIVDM,1,1,0,B,13CsGSg00twcViFKa@UDuSv2P000,0*34
\c:1499761443573*6E\!AIVDM,1,1,0,A,13CsGSg00twcVorKa@:ls3tFP000,0*52
\c:1499761453573*6F\!AIVDM,1,1,0,B,13CsGSg00twcVvNKa?hTs3tbP000,0*45
\c:1499761463573*6C\!AIVDM,1,1,0,A,13CsGSg00twcW52Ka?FDuSvvP000,0*36
\c:1499761473573*6D\!AIVDM,1,1,0,B,13CsGSg00twcW;VKa>t4uSwBP000,0*29
\c:1499761483573*62\!AIVDM,1,1,0,A,13CsGSg00twcWB:Ka>QTs3uVP000,0*0A
\c:1499761493573*63\!AIVDM,1,1,0,B,13CsGSg00twcWHfKa>7Ds3t2P000,0*4C
\c:1499761503573*6B\!AIVDM,1,1,0,A,13CsGSg00twcWO>Ka=eDuSvFP000,0*51
\c:1499761513573*6A\!AIVDM,1,1,0,B,13CsGSg00twcWUbKa=CDs3tbP000,0*72
\c:1499761523573*69\!AIVDM,1,1,0,B,13CsGSg00twcWd8Ka<qTuSvvP000,0*4A
\c:1499761533573*68\!AIVDM,1,1,0,A,13CsGSg00twcWjTKa<OTs3uBP000,0*44
\c:1499761543573*6F\!AIVDM,1,1,0,A,13CsGSg00twcWq2Ka<5luSwVP000,0*0B
\c:1499761553573*6E\!AIVDM,1,1,0,B,13CsGSg00twcWwNKa;cls3t2P000,0*22
\c:1499761563573*6D\!AIVDM,1,1,0,A,13CsGSg00twc`5tKa;B4uSvFP000,0*07
\c:1499761573573*6C\!AIVDM,1,1,0,A,13CsGSg00twc`<HKa:p4s3tbP000,0*41
\c:1499761583573*63\!AIVDM,1,1,0,B,13CsGSg00twc`BnKa:NDuSvvP000,0*24
\c:1499761593573*62\!AIVDM,1,1,0,A,13CsGSg00twc`IBKa:4Ds3uBP000,0*2B
\c:1499761603573*68\!AIVDM,1,1,0,B,13CsGSg00twc`OhKa9bTuSwVP000,0*31
\c:1499761613573*69\!AIVDM,1,1,0,A,13CsGSg00twc`V<Ka9@Ts3t2P000,0*5C

]
